<?xml version="1.0" encoding="UTF-8"?>
<testng-results skipped="0" failed="1" ignored="0" total="4" passed="3">
  <reporter-output>
  </reporter-output>
  <suite name="Data Driven Basics" duration-ms="16433" started-at="2021-04-01T18:23:06 EDT" finished-at="2021-04-01T18:23:23 EDT">
    <groups>
    </groups>
    <test name="Bank manager login test" duration-ms="6014" started-at="2021-04-01T18:23:06 EDT" finished-at="2021-04-01T18:23:12 EDT">
      <class name="org.example.testcases.BankManagerLoginTest">
        <test-method status="FAIL" signature="loginAsManager()[pri:0, instance:org.example.testcases.BankManagerLoginTest@4763c727]" name="loginAsManager" duration-ms="5483" started-at="2021-04-01T18:23:06 EDT" finished-at="2021-04-01T18:23:12 EDT">
          <exception class="java.lang.AssertionError">
            <message>
              <![CDATA[null]]>
            </message>
            <full-stacktrace>
              <![CDATA[java.lang.AssertionError: null
at org.testng.Assert.fail(Assert.java:99)
at org.testng.Assert.fail(Assert.java:106)
at org.example.testcases.BankManagerLoginTest.loginAsManager(BankManagerLoginTest.java:22)
at sun.reflect.NativeMethodAccessorImpl.invoke0(Native Method)
at sun.reflect.NativeMethodAccessorImpl.invoke(NativeMethodAccessorImpl.java:62)
at sun.reflect.DelegatingMethodAccessorImpl.invoke(DelegatingMethodAccessorImpl.java:43)
at java.lang.reflect.Method.invoke(Method.java:498)
at org.testng.internal.MethodInvocationHelper.invokeMethod(MethodInvocationHelper.java:133)
at org.testng.internal.TestInvoker.invokeMethod(TestInvoker.java:598)
at org.testng.internal.TestInvoker.invokeTestMethod(TestInvoker.java:173)
at org.testng.internal.MethodRunner.runInSequence(MethodRunner.java:46)
at org.testng.internal.TestInvoker$MethodInvocationAgent.invoke(TestInvoker.java:824)
at org.testng.internal.TestInvoker.invokeTestMethods(TestInvoker.java:146)
at org.testng.internal.TestMethodWorker.invokeTestMethods(TestMethodWorker.java:146)
at org.testng.internal.TestMethodWorker.run(TestMethodWorker.java:128)
at java.util.ArrayList.forEach(ArrayList.java:1259)
at org.testng.TestRunner.privateRun(TestRunner.java:794)
at org.testng.TestRunner.run(TestRunner.java:596)
at org.testng.SuiteRunner.runTest(SuiteRunner.java:377)
at org.testng.SuiteRunner.runSequentially(SuiteRunner.java:371)
at org.testng.SuiteRunner.privateRun(SuiteRunner.java:332)
at org.testng.SuiteRunner.run(SuiteRunner.java:276)
at org.testng.SuiteRunnerWorker.runSuite(SuiteRunnerWorker.java:53)
at org.testng.SuiteRunnerWorker.run(SuiteRunnerWorker.java:96)
at org.testng.TestNG.runSuitesSequentially(TestNG.java:1212)
at org.testng.TestNG.runSuitesLocally(TestNG.java:1134)
at org.testng.TestNG.runSuites(TestNG.java:1063)
at org.testng.TestNG.run(TestNG.java:1031)
at org.apache.maven.surefire.testng.TestNGExecutor.run(TestNGExecutor.java:284)
at org.apache.maven.surefire.testng.TestNGXmlTestSuite.execute(TestNGXmlTestSuite.java:75)
at org.apache.maven.surefire.testng.TestNGProvider.invoke(TestNGProvider.java:119)
at org.apache.maven.surefire.booter.ForkedBooter.runSuitesInProcess(ForkedBooter.java:428)
at org.apache.maven.surefire.booter.ForkedBooter.execute(ForkedBooter.java:162)
at org.apache.maven.surefire.booter.ForkedBooter.run(ForkedBooter.java:562)
at org.apache.maven.surefire.booter.ForkedBooter.main(ForkedBooter.java:548)
]]>
            </full-stacktrace>
          </exception> <!-- java.lang.AssertionError -->
          <reporter-output>
          </reporter-output>
        </test-method> <!-- loginAsManager -->
      </class> <!-- org.example.testcases.BankManagerLoginTest -->
    </test> <!-- Bank manager login test -->
    <test name="Add customer test" duration-ms="10100" started-at="2021-04-01T18:23:13 EDT" finished-at="2021-04-01T18:23:23 EDT">
      <class name="org.example.testcases.AddCustomerTest">
        <test-method status="PASS" signature="setUp()[pri:0, instance:org.example.testcases.AddCustomerTest@292d1c71]" name="setUp" is-config="true" duration-ms="4487" started-at="2021-04-01T18:23:02 EDT" finished-at="2021-04-01T18:23:06 EDT">
          <reporter-output>
          </reporter-output>
        </test-method> <!-- setUp -->
        <test-method status="PASS" signature="addCustomer(java.lang.String,java.lang.String,java.lang.String)[pri:0, instance:org.example.testcases.AddCustomerTest@292d1c71]" name="addCustomer" duration-ms="3334" started-at="2021-04-01T18:23:13 EDT" data-provider="test1" finished-at="2021-04-01T18:23:16 EDT">
          <params>
            <param index="0">
              <value>
                <![CDATA[Ram]]>
              </value>
            </param>
            <param index="1">
              <value>
                <![CDATA[Chandr]]>
              </value>
            </param>
            <param index="2">
              <value>
                <![CDATA[w122w]]>
              </value>
            </param>
          </params>
          <reporter-output>
          </reporter-output>
        </test-method> <!-- addCustomer -->
        <test-method status="PASS" signature="addCustomer(java.lang.String,java.lang.String,java.lang.String)[pri:0, instance:org.example.testcases.AddCustomerTest@292d1c71]" name="addCustomer" duration-ms="3380" started-at="2021-04-01T18:23:16 EDT" data-provider="test1" finished-at="2021-04-01T18:23:19 EDT">
          <params>
            <param index="0">
              <value>
                <![CDATA[Sita]]>
              </value>
            </param>
            <param index="1">
              <value>
                <![CDATA[Fulara]]>
              </value>
            </param>
            <param index="2">
              <value>
                <![CDATA[se345]]>
              </value>
            </param>
          </params>
          <reporter-output>
          </reporter-output>
        </test-method> <!-- addCustomer -->
        <test-method status="PASS" signature="addCustomer(java.lang.String,java.lang.String,java.lang.String)[pri:0, instance:org.example.testcases.AddCustomerTest@292d1c71]" name="addCustomer" duration-ms="3373" started-at="2021-04-01T18:23:19 EDT" data-provider="test1" finished-at="2021-04-01T18:23:23 EDT">
          <params>
            <param index="0">
              <value>
                <![CDATA[Gita]]>
              </value>
            </param>
            <param index="1">
              <value>
                <![CDATA[Devi]]>
              </value>
            </param>
            <param index="2">
              <value>
                <![CDATA[23edf]]>
              </value>
            </param>
          </params>
          <reporter-output>
          </reporter-output>
        </test-method> <!-- addCustomer -->
        <test-method status="PASS" signature="teatDown()[pri:0, instance:org.example.testcases.AddCustomerTest@292d1c71]" name="teatDown" is-config="true" duration-ms="1108" started-at="2021-04-01T18:23:23 EDT" finished-at="2021-04-01T18:23:24 EDT">
          <reporter-output>
          </reporter-output>
        </test-method> <!-- teatDown -->
      </class> <!-- org.example.testcases.AddCustomerTest -->
    </test> <!-- Add customer test -->
  </suite> <!-- Data Driven Basics -->
</testng-results>
